<?xml version="1.0" encoding="UTF-8"?>
<testng-results ignored="0" total="3" passed="3" failed="0" skipped="0">
  <reporter-output>
  </reporter-output>
  <suite started-at="2023-07-25T07:59:14 GMT" name="Default suite" finished-at="2023-07-25T07:59:39 GMT" duration-ms="25177">
    <groups>
      <group name="cucumber">
        <method signature="AbstractTestNGCucumberTests.runScenario(io.cucumber.testng.PickleWrapper,io.cucumber.testng.FeatureWrapper)[pri:0, instance:runners.GooglePageRunner@2e6a8155]" name="runScenario" class="io.cucumber.testng.AbstractTestNGCucumberTests"/>
      </group> <!-- cucumber -->
    </groups>
    <test started-at="2023-07-25T07:59:14 GMT" name="Default test" finished-at="2023-07-25T07:59:39 GMT" duration-ms="25177">
      <class name="runners.GooglePageRunner">
        <test-method is-config="true" signature="setUpClass(org.testng.ITestContext)[pri:0, instance:runners.GooglePageRunner@2e6a8155]" started-at="2023-07-25T07:59:14 GMT" name="setUpClass" finished-at="2023-07-25T07:59:15 GMT" duration-ms="1081" status="PASS">
          <params>
            <param index="0">
              <value>
                <![CDATA[org.testng.TestRunner@5c5a91b4]]>
              </value>
            </param>
          </params>
          <reporter-output>
          </reporter-output>
        </test-method> <!-- setUpClass -->
        <test-method signature="runScenario(io.cucumber.testng.PickleWrapper,io.cucumber.testng.FeatureWrapper)[pri:0, instance:runners.GooglePageRunner@2e6a8155]" started-at="2023-07-25T07:59:15 GMT" name="runScenario" description="Runs Cucumber Scenarios" data-provider="scenarios" finished-at="2023-07-25T07:59:23 GMT" duration-ms="7447" status="PASS">
          <params>
            <param index="0">
              <value>
                <![CDATA["Search Java Tutorial"]]>
              </value>
            </param>
            <param index="1">
              <value>
                <![CDATA["Google Page Search"]]>
              </value>
            </param>
          </params>
          <reporter-output>
          </reporter-output>
        </test-method> <!-- runScenario -->
        <test-method signature="runScenario(io.cucumber.testng.PickleWrapper,io.cucumber.testng.FeatureWrapper)[pri:0, instance:runners.GooglePageRunner@2e6a8155]" started-at="2023-07-25T07:59:23 GMT" name="runScenario" description="Runs Cucumber Scenarios" data-provider="scenarios" finished-at="2023-07-25T07:59:30 GMT" duration-ms="7122" status="PASS">
          <params>
            <param index="0">
              <value>
                <![CDATA["Search Selenium Tutorial"]]>
              </value>
            </param>
            <param index="1">
              <value>
                <![CDATA["Google Page Search"]]>
              </value>
            </param>
          </params>
          <reporter-output>
          </reporter-output>
        </test-method> <!-- runScenario -->
        <test-method signature="runScenario(io.cucumber.testng.PickleWrapper,io.cucumber.testng.FeatureWrapper)[pri:0, instance:runners.GooglePageRunner@2e6a8155]" started-at="2023-07-25T07:59:30 GMT" name="runScenario" description="Runs Cucumber Scenarios" data-provider="scenarios" finished-at="2023-07-25T07:59:38 GMT" duration-ms="7694" status="PASS">
          <params>
            <param index="0">
              <value>
                <![CDATA["Search Cypress Tutorial"]]>
              </value>
            </param>
            <param index="1">
              <value>
                <![CDATA["Google Page Search"]]>
              </value>
            </param>
          </params>
          <reporter-output>
          </reporter-output>
        </test-method> <!-- runScenario -->
        <test-method is-config="true" signature="tearDownClass()[pri:0, instance:runners.GooglePageRunner@2e6a8155]" started-at="2023-07-25T07:59:38 GMT" name="tearDownClass" finished-at="2023-07-25T07:59:39 GMT" duration-ms="1781" status="PASS">
          <reporter-output>
          </reporter-output>
        </test-method> <!-- tearDownClass -->
      </class> <!-- runners.GooglePageRunner -->
    </test> <!-- Default test -->
  </suite> <!-- Default suite -->
</testng-results>
